<?xml version="1.0" encoding="UTF-8"?>
<testsuite xmlns:xsi="http://www.w3.org/2001/XMLSchema-instance" xsi:noNamespaceSchemaLocation="https://maven.apache.org/surefire/maven-surefire-plugin/xsd/surefire-test-report-3.0.xsd" version="3.0" name="edu.temple.AppTest" time="3.497" tests="1" errors="0" skipped="0" failures="0">
  <properties>
[...]
</properties>
  <testcase name="contextLoads" classname="edu.temple.AppTest" time="0.889">
    <system-out><![CDATA[12:01:05.325 [main] INFO org.springframework.test.context.support.AnnotationConfigContextLoaderUtils -- Could not detect default configuration classes for test class [edu.temple.AppTest]: AppTest does not declare any static, non-private, non-final, nested classes annotated with @Configuration.
12:01:05.429 [main] INFO org.springframework.boot.test.context.SpringBootTestContextBootstrapper -- Found @SpringBootConfiguration edu.temple.App for test class edu.temple.AppTest
12:01:05.544 [main] INFO org.springframework.boot.devtools.restart.RestartApplicationListener -- Restart disabled due to context in which it is running

  .   ____          _            __ _ _
 /\\ / ___'_ __ _ _(_)_ __  __ _ \ \ \ \
( ( )\___ | '_ | '_| | '_ \/ _` | \ \ \ \
 \\/  ___)| |_)| | | | | || (_| |  ) ) ) )
  '  |____| .__|_| |_|_| |_\__, | / / / /
 =========|_|==============|___/=/_/_/_/
&amp#27;[32m :: Spring Boot :: &amp#27;[39m              &amp#27;[2m (v3.2.4)&amp#27;[0;39m

&amp#27;[2m2025-03-18T12:01:05.739-04:00&amp#27;[0;39m &amp#27;[32m INFO&amp#27;[0;39m &amp#27;[35m38593&amp#27;[0;39m &amp#27;[2m---&amp#27;[0;39m &amp#27;[2m[tuquiet] [           main]&amp#27;[0;39m &amp#27;[2m&amp#27;[0;39m&amp#27;[36medu.temple.AppTest                      &amp#27;[0;39m &amp#27;[2m:&amp#27;[0;39m Starting AppTest using Java 23.0.1 with PID 38593 (started by roland in /Users/roland/Documents/GitHub/CIS-3207/TUQuiet/tuquiet)
&amp#27;[2m2025-03-18T12:01:05.740-04:00&amp#27;[0;39m &amp#27;[32m INFO&amp#27;[0;39m &amp#27;[35m38593&amp#27;[0;39m &amp#27;[2m---&amp#27;[0;39m &amp#27;[2m[tuquiet] [           main]&amp#27;[0;39m &amp#27;[2m&amp#27;[0;39m&amp#27;[36medu.temple.AppTest                      &amp#27;[0;39m &amp#27;[2m:&amp#27;[0;39m No active profile set, falling back to 1 default profile: "default"
&amp#27;[2m2025-03-18T12:01:07.683-04:00&amp#27;[0;39m &amp#27;[32m INFO&amp#27;[0;39m &amp#27;[35m38593&amp#27;[0;39m &amp#27;[2m---&amp#27;[0;39m &amp#27;[2m[tuquiet] [           main]&amp#27;[0;39m &amp#27;[2m&amp#27;[0;39m&amp#27;[36medu.temple.AppTest                      &amp#27;[0;39m &amp#27;[2m:&amp#27;[0;39m Started AppTest in 2.147 seconds (process running for 3.428)
]]></system-out>
    <system-err><![CDATA[WARNING: A Java agent has been loaded dynamically (/Users/roland/.m2/repository/net/bytebuddy/byte-buddy-agent/1.14.12/byte-buddy-agent-1.14.12.jar)
WARNING: If a serviceability tool is in use, please run with -XX:+EnableDynamicAgentLoading to hide this warning
WARNING: If a serviceability tool is not in use, please run with -Djdk.instrument.traceUsage for more information
WARNING: Dynamic loading of agents will be disallowed by default in a future release
]]></system-err>
  </testcase>
</testsuite>